<?xml version="1.0" encoding="UTF-8"?>
<!-- Generated by org.testng.reporters.JUnitReportReporter -->
<testsuite hostname="DESKTOP-1CCS179" failures="0" tests="1" name="com.luma.testBase.TestBase" time="54.153" errors="0" timestamp="2023-01-19T19:26:35 IST" skipped="0">
  <testcase classname="com.luma.testBase.TestBase" name="setUp" time="54.153"/>
  <system-out/>
</testsuite> <!-- com.luma.testBase.TestBase -->
