<?xml version="1.0" encoding="UTF-8"?>
<!-- Generated by org.testng.reporters.JUnitReportReporter -->
<testsuite hostname="DESKTOP-H6CNIGJ" failures="0" tests="1" name="com.luma.testLayer.LoginPageTest" time="18.289" errors="0" timestamp="2023-01-29T10:06:21 IST" skipped="0">
  <testcase classname="com.luma.testLayer.LoginPageTest" name="verifyLoginTest" time="18.289"/>
  <system-out/>
</testsuite> <!-- com.luma.testLayer.LoginPageTest -->
