<?xml version="1.0" encoding="UTF-8"?>
<!-- Generated by org.testng.reporters.JUnitReportReporter -->
<testsuite hostname="DESKTOP-H6CNIGJ" failures="0" tests="2" name="com.luma.testLayer.BuyFuctionality" time="49.214" errors="0" timestamp="2023-01-29T10:06:21 IST" skipped="0">
  <testcase classname="com.luma.testLayer.BuyFuctionality" name="verifyBuyFunctionalityWithLogin" time="30.205"/>
  <system-out/>
  <testcase classname="com.luma.testLayer.BuyFuctionality" name="verifyBuyFunctionalityWithoutLogin" time="19.009"/>
  <system-out/>
</testsuite> <!-- com.luma.testLayer.BuyFuctionality -->
